

*******************************************************************************
Thu Feb 13 10:24:46 2020


FIT:    data read from "Stand_Div.txt" using  1:2
        format = x:z
        #datapoints = 6
        residuals are weighted equally (unit weight)

function used for fitting: f(x)
	f(x) = j*x**k
fitted parameters initialized with current variable values

iter      chisq       delta/lim  lambda   j             k            
   0 2.9126236190e-03   0.00e+00  1.14e+00    1.006591e+01  -4.800233e-01
   1 2.9126236190e-03  -9.49e-07  1.14e+00    1.006591e+01  -4.800233e-01

After 1 iterations the fit converged.
final sum of squares of residuals : 0.00291262
rel. change during last iteration : -9.49114e-12

degrees of freedom    (FIT_NDF)                        : 4
rms of residuals      (FIT_STDFIT) = sqrt(WSSR/ndf)    : 0.0269844
variance of residuals (reduced chisquare) = WSSR/ndf   : 0.000728156

Final set of parameters            Asymptotic Standard Error
=======================            ==========================
j               = 10.0659          +/- 0.8481       (8.425%)
k               = -0.480023        +/- 0.01776      (3.699%)

correlation matrix of the fit parameters:
                j      k      
j               1.000 
k              -0.980  1.000 


*******************************************************************************
Thu Feb 13 10:24:55 2020


FIT:    data read from "Stand_Div.txt" using  1:3
        format = x:z
        #datapoints = 6
        residuals are weighted equally (unit weight)

function used for fitting: g(x)
	g(x) = c*x**d
fitted parameters initialized with current variable values

iter      chisq       delta/lim  lambda   c             d            
   0 1.5252272908e-03   0.00e+00  1.41e+00    5.646803e+01  -9.392692e-01
   1 1.5252272908e-03  -1.28e-10  1.41e+01    5.646803e+01  -9.392692e-01

After 1 iterations the fit converged.
final sum of squares of residuals : 0.00152523
rel. change during last iteration : -1.27952e-15

degrees of freedom    (FIT_NDF)                        : 4
rms of residuals      (FIT_STDFIT) = sqrt(WSSR/ndf)    : 0.0195271
variance of residuals (reduced chisquare) = WSSR/ndf   : 0.000381307

Final set of parameters            Asymptotic Standard Error
=======================            ==========================
c               = 56.468           +/- 9.869        (17.48%)
d               = -0.939269        +/- 0.04083      (4.347%)

correlation matrix of the fit parameters:
                c      d      
c               1.000 
d              -0.996  1.000 
