

*******************************************************************************
Thu Jan 30 14:44:02 2020


FIT:    data read from "Steps_Errors.txt"
        format = z
        #datapoints = 10
        residuals are weighted equally (unit weight)

function used for fitting: f(x)
	f(x) = ax+b
BREAK: Need via and either parameter list or file

*******************************************************************************
Thu Jan 30 14:44:30 2020


FIT:    data read from "Steps_Errors.txt" using 1:($3-$2)
        format = x:z
        #datapoints = 10
        residuals are weighted equally (unit weight)

function used for fitting: f(x)
	f(x) = ax+b
fitted parameters initialized with current variable values



*******************************************************************************
Thu Jan 30 14:44:40 2020


FIT:    data read from "Steps_Errors.txt" using 1:($3-$2)
        format = x:z
        #datapoints = 10
        residuals are weighted equally (unit weight)

function used for fitting: f(x)
	f(x) = a*x+b
fitted parameters initialized with current variable values

iter      chisq       delta/lim  lambda   a             b            
   0 1.0101010123e+18   0.00e+00  2.25e+08    1.000000e+00   1.000000e+00
   5 8.8018023564e+00  -3.48e-03  2.25e+03   -1.100000e-09   1.000000e+00

After 5 iterations the fit converged.
final sum of squares of residuals : 8.8018
rel. change during last iteration : -3.4759e-08

degrees of freedom    (FIT_NDF)                        : 8
rms of residuals      (FIT_STDFIT) = sqrt(WSSR/ndf)    : 1.04892
variance of residuals (reduced chisquare) = WSSR/ndf   : 1.10023

Final set of parameters            Asymptotic Standard Error
=======================            ==========================
a               = -1.1e-09         +/- 1.114e-09    (101.3%)
b               = 1                +/- 0.354        (35.4%)

correlation matrix of the fit parameters:
                a      b      
a               1.000 
b              -0.350  1.000 


*******************************************************************************
Thu Jan 30 14:46:03 2020


FIT:    data read from "Steps_Errors.txt" using 1:($3-$2)
        format = x:z
        #datapoints = 10
        residuals are weighted equally (unit weight)

function used for fitting: f(x)
	f(x) = a*log(x)+b
fitted parameters initialized with current variable values

iter      chisq       delta/lim  lambda   a             b            
   0 1.0024024304e+01   0.00e+00  7.07e-01   -1.100000e-09   1.000000e+00
   4 2.6659912030e-04  -3.27e-05  7.07e-05   -1.099672e-09  -1.187199e-03

After 4 iterations the fit converged.
final sum of squares of residuals : 0.000266599
rel. change during last iteration : -3.2741e-10

degrees of freedom    (FIT_NDF)                        : 8
rms of residuals      (FIT_STDFIT) = sqrt(WSSR/ndf)    : 0.00577277
variance of residuals (reduced chisquare) = WSSR/ndf   : 3.33249e-05

Final set of parameters            Asymptotic Standard Error
=======================            ==========================
a               = -1.09967e-09     +/- 0.000276     (2.51e+07%)
b               = -0.0011872       +/- 0.003393     (285.8%)

correlation matrix of the fit parameters:
                a      b      
a               1.000 
b              -0.843  1.000 
